  [1m[36m (254.1ms)[0m  [1mCREATE TABLE `schema_migrations` (`version` varchar(255) NOT NULL) ENGINE=InnoDB[0m
  [1m[35m (375.2ms)[0m  CREATE UNIQUE INDEX `unique_schema_migrations`  ON `schema_migrations` (`version`) 
  [1m[36mActiveRecord::SchemaMigration Load (14.0ms)[0m  [1mSELECT `schema_migrations`.* FROM `schema_migrations`[0m
Migrating to CreateMovies (20141117201320)
  [1m[35m (212.4ms)[0m  CREATE TABLE `movies` (`id` int(11) auto_increment PRIMARY KEY, `title` varchar(255), `release_year` int(11), `price` float, `description` text, `imdb_id` varchar(255), `poster_url` varchar(255), `created_at` datetime, `updated_at` datetime) ENGINE=InnoDB
  [1m[36m (0.3ms)[0m  [1mBEGIN[0m
  [1m[35mSQL (0.5ms)[0m  INSERT INTO `schema_migrations` (`version`) VALUES ('20141117201320')
  [1m[36m (0.5ms)[0m  [1mCOMMIT[0m
  [1m[35mActiveRecord::SchemaMigration Load (0.2ms)[0m  SELECT `schema_migrations`.* FROM `schema_migrations`
  [1m[36mActiveRecord::SchemaMigration Load (50.6ms)[0m  [1mSELECT `schema_migrations`.* FROM `schema_migrations`[0m
  [1m[35mMovie Load (22.1ms)[0m  SELECT  `movies`.* FROM `movies`  WHERE `movies`.`title` IS NULL AND `movies`.`release_year` = 0 AND `movies`.`price` = 1972.0 AND `movies`.`description` = '24.99' AND `movies`.`imdb_id` = 'The aging patriarch of an organized crime dynasty transfers control of his clandestine empire to his reluctant son.' AND `movies`.`poster_url` = 'tt0068646' LIMIT 1
  [1m[36m (0.2ms)[0m  [1mBEGIN[0m
  [1m[35mSQL (75.2ms)[0m  INSERT INTO `movies` (`created_at`, `description`, `imdb_id`, `poster_url`, `price`, `release_year`, `updated_at`) VALUES ('2014-11-18 15:36:34', '24.99', 'The aging patriarch of an organized crime dynasty transfers control of his clandestine empire to his reluctant son.', 'tt0068646', 1972.0, 0, '2014-11-18 15:36:34')
  [1m[36m (25.7ms)[0m  [1mCOMMIT[0m
  [1m[35mMovie Load (0.7ms)[0m  SELECT  `movies`.* FROM `movies`  WHERE `movies`.`title` IS NULL AND `movies`.`release_year` = 0 AND `movies`.`price` = 1957.0 AND `movies`.`description` = '20.99' AND `movies`.`imdb_id` = 'After living a life marked by coldness, an aging professor is forced to confront the emptiness of his existence.' AND `movies`.`poster_url` = 'tt0050986' LIMIT 1
  [1m[36m (0.2ms)[0m  [1mBEGIN[0m
  [1m[35mSQL (0.4ms)[0m  INSERT INTO `movies` (`created_at`, `description`, `imdb_id`, `poster_url`, `price`, `release_year`, `updated_at`) VALUES ('2014-11-18 15:36:35', '20.99', 'After living a life marked by coldness, an aging professor is forced to confront the emptiness of his existence.', 'tt0050986', 1957.0, 0, '2014-11-18 15:36:35')
  [1m[36m (24.0ms)[0m  [1mCOMMIT[0m
  [1m[35mMovie Load (0.6ms)[0m  SELECT  `movies`.* FROM `movies`  WHERE `movies`.`title` IS NULL AND `movies`.`release_year` = 0 AND `movies`.`price` = 1994.0 AND `movies`.`description` = '26.99' AND `movies`.`imdb_id` = 'Two imprisoned men bond over a number of years, finding solace and eventual redemption through acts of common decency.' AND `movies`.`poster_url` = 'tt0111161' LIMIT 1
  [1m[36m (0.3ms)[0m  [1mBEGIN[0m
  [1m[35mSQL (0.4ms)[0m  INSERT INTO `movies` (`created_at`, `description`, `imdb_id`, `poster_url`, `price`, `release_year`, `updated_at`) VALUES ('2014-11-18 15:36:35', '26.99', 'Two imprisoned men bond over a number of years, finding solace and eventual redemption through acts of common decency.', 'tt0111161', 1994.0, 0, '2014-11-18 15:36:35')
  [1m[36m (11.2ms)[0m  [1mCOMMIT[0m
  [1m[35mMovie Load (0.7ms)[0m  SELECT  `movies`.* FROM `movies`  WHERE `movies`.`title` IS NULL AND `movies`.`release_year` = 0 AND `movies`.`price` = 1975.0 AND `movies`.`description` = '22.99' AND `movies`.`imdb_id` = 'Upon admittance to a mental institution, a brash rebel rallies the patients to take on the oppressive head nurse.' AND `movies`.`poster_url` = 'tt0073486' LIMIT 1
  [1m[36m (0.2ms)[0m  [1mBEGIN[0m
  [1m[35mSQL (0.4ms)[0m  INSERT INTO `movies` (`created_at`, `description`, `imdb_id`, `poster_url`, `price`, `release_year`, `updated_at`) VALUES ('2014-11-18 15:36:35', '22.99', 'Upon admittance to a mental institution, a brash rebel rallies the patients to take on the oppressive head nurse.', 'tt0073486', 1975.0, 0, '2014-11-18 15:36:35')
  [1m[36m (3.0ms)[0m  [1mCOMMIT[0m
  [1m[35mMovie Load (0.6ms)[0m  SELECT  `movies`.* FROM `movies`  WHERE `movies`.`title` IS NULL AND `movies`.`release_year` = 0 AND `movies`.`price` = 2008.0 AND `movies`.`description` = '14.99' AND `movies`.`imdb_id` = 'When Batman, Gordon and Harvey Dent launch an assault on the mob, they let the clown out of the box, the Joker, bent on turning Gotham on itself and bringing any heroes down to his level.' AND `movies`.`poster_url` = 'tt0468569' LIMIT 1
  [1m[36m (0.3ms)[0m  [1mBEGIN[0m
  [1m[35mSQL (0.4ms)[0m  INSERT INTO `movies` (`created_at`, `description`, `imdb_id`, `poster_url`, `price`, `release_year`, `updated_at`) VALUES ('2014-11-18 15:36:35', '14.99', 'When Batman, Gordon and Harvey Dent launch an assault on the mob, they let the clown out of the box, the Joker, bent on turning Gotham on itself and bringing any heroes down to his level.', 'tt0468569', 2008.0, 0, '2014-11-18 15:36:35')
  [1m[36m (0.6ms)[0m  [1mCOMMIT[0m
  [1m[35mMovie Load (0.5ms)[0m  SELECT  `movies`.* FROM `movies`  WHERE `movies`.`title` IS NULL AND `movies`.`release_year` = 0 AND `movies`.`price` = 1946.0 AND `movies`.`description` = '15.99' AND `movies`.`imdb_id` = 'An angel helps a compassionate but despairingly frustrated businessman by showing what life would have been like if he never existed.' AND `movies`.`poster_url` = 'tt0038650' LIMIT 1
  [1m[36m (0.3ms)[0m  [1mBEGIN[0m
  [1m[35mSQL (0.4ms)[0m  INSERT INTO `movies` (`created_at`, `description`, `imdb_id`, `poster_url`, `price`, `release_year`, `updated_at`) VALUES ('2014-11-18 15:36:35', '15.99', 'An angel helps a compassionate but despairingly frustrated businessman by showing what life would have been like if he never existed.', 'tt0038650', 1946.0, 0, '2014-11-18 15:36:35')
  [1m[36m (0.6ms)[0m  [1mCOMMIT[0m
  [1m[35mMovie Load (0.7ms)[0m  SELECT  `movies`.* FROM `movies`  WHERE `movies`.`title` IS NULL AND `movies`.`release_year` = 0 AND `movies`.`price` = 2003.0 AND `movies`.`description` = '13.99' AND `movies`.`imdb_id` = 'The Bride wakens from a four-year coma. The child she carried in her womb is gone. Now she must wreak vengeance on the team of assassins who betrayed her - a team she was once part of.' AND `movies`.`poster_url` = 'tt0266697' LIMIT 1
  [1m[36m (0.2ms)[0m  [1mBEGIN[0m
  [1m[35mSQL (0.4ms)[0m  INSERT INTO `movies` (`created_at`, `description`, `imdb_id`, `poster_url`, `price`, `release_year`, `updated_at`) VALUES ('2014-11-18 15:36:35', '13.99', 'The Bride wakens from a four-year coma. The child she carried in her womb is gone. Now she must wreak vengeance on the team of assassins who betrayed her - a team she was once part of.', 'tt0266697', 2003.0, 0, '2014-11-18 15:36:35')
  [1m[36m (0.7ms)[0m  [1mCOMMIT[0m
  [1m[35mMovie Load (0.7ms)[0m  SELECT  `movies`.* FROM `movies`  WHERE `movies`.`title` IS NULL AND `movies`.`release_year` = 0 AND `movies`.`price` = 1954.0 AND `movies`.`description` = '19.99' AND `movies`.`imdb_id` = 'A poor village under attack by bandits recruits seven unemployed samurai to help them defend themselves.' AND `movies`.`poster_url` = 'tt0047478' LIMIT 1
  [1m[36m (0.3ms)[0m  [1mBEGIN[0m
  [1m[35mSQL (0.8ms)[0m  INSERT INTO `movies` (`created_at`, `description`, `imdb_id`, `poster_url`, `price`, `release_year`, `updated_at`) VALUES ('2014-11-18 15:36:35', '19.99', 'A poor village under attack by bandits recruits seven unemployed samurai to help them defend themselves.', 'tt0047478', 1954.0, 0, '2014-11-18 15:36:35')
  [1m[36m (0.7ms)[0m  [1mCOMMIT[0m
  [1m[35mMovie Load (0.4ms)[0m  SELECT  `movies`.* FROM `movies`  WHERE `movies`.`title` IS NULL AND `movies`.`release_year` = 0 AND `movies`.`price` = 1979.0 AND `movies`.`description` = '24.99' AND `movies`.`imdb_id` = 'During the U.S.-Viet Nam War, Captain Willard is sent on a dangerous mission into Cambodia to assassinate a renegade colonel who has set himself up as a god among a local tribe.' AND `movies`.`poster_url` = 'tt0078788' LIMIT 1
  [1m[36m (0.2ms)[0m  [1mBEGIN[0m
  [1m[35mSQL (0.6ms)[0m  INSERT INTO `movies` (`created_at`, `description`, `imdb_id`, `poster_url`, `price`, `release_year`, `updated_at`) VALUES ('2014-11-18 15:36:35', '24.99', 'During the U.S.-Viet Nam War, Captain Willard is sent on a dangerous mission into Cambodia to assassinate a renegade colonel who has set himself up as a god among a local tribe.', 'tt0078788', 1979.0, 0, '2014-11-18 15:36:35')
  [1m[36m (0.6ms)[0m  [1mCOMMIT[0m
  [1m[35mMovie Load (0.4ms)[0m  SELECT  `movies`.* FROM `movies`  WHERE `movies`.`title` IS NULL AND `movies`.`release_year` = 0 AND `movies`.`price` = 2006.0 AND `movies`.`description` = '17.99' AND `movies`.`imdb_id` = 'A fisherman, a smuggler, and a syndicate of businessmen match wits over the possession of a priceless diamond.' AND `movies`.`poster_url` = 'tt0450259' LIMIT 1
  [1m[36m (0.1ms)[0m  [1mBEGIN[0m
  [1m[35mSQL (0.2ms)[0m  INSERT INTO `movies` (`created_at`, `description`, `imdb_id`, `poster_url`, `price`, `release_year`, `updated_at`) VALUES ('2014-11-18 15:36:35', '17.99', 'A fisherman, a smuggler, and a syndicate of businessmen match wits over the possession of a priceless diamond.', 'tt0450259', 2006.0, 0, '2014-11-18 15:36:35')
  [1m[36m (0.4ms)[0m  [1mCOMMIT[0m
  [1m[35mMovie Load (0.3ms)[0m  SELECT  `movies`.* FROM `movies`  WHERE `movies`.`title` IS NULL AND `movies`.`release_year` = 0 AND `movies`.`price` = 1936.0 AND `movies`.`description` = '13.99' AND `movies`.`imdb_id` = 'The Tramp struggles to live in modern industrial society with the help of a young homeless woman.' AND `movies`.`poster_url` = 'tt0027977' LIMIT 1
  [1m[36m (0.1ms)[0m  [1mBEGIN[0m
  [1m[35mSQL (0.2ms)[0m  INSERT INTO `movies` (`created_at`, `description`, `imdb_id`, `poster_url`, `price`, `release_year`, `updated_at`) VALUES ('2014-11-18 15:36:35', '13.99', 'The Tramp struggles to live in modern industrial society with the help of a young homeless woman.', 'tt0027977', 1936.0, 0, '2014-11-18 15:36:35')
  [1m[36m (0.4ms)[0m  [1mCOMMIT[0m
  [1m[35mMovie Load (0.3ms)[0m  SELECT  `movies`.* FROM `movies`  WHERE `movies`.`title` IS NULL AND `movies`.`release_year` = 0 AND `movies`.`price` = 2001.0 AND `movies`.`description` = '22.99' AND `movies`.`imdb_id` = 'After a brilliant but asocial mathematician accepts secret work in cryptography, his life takes a turn for the nightmarish.' AND `movies`.`poster_url` = 'tt0268978' LIMIT 1
  [1m[36m (0.1ms)[0m  [1mBEGIN[0m
  [1m[35mSQL (0.3ms)[0m  INSERT INTO `movies` (`created_at`, `description`, `imdb_id`, `poster_url`, `price`, `release_year`, `updated_at`) VALUES ('2014-11-18 15:36:35', '22.99', 'After a brilliant but asocial mathematician accepts secret work in cryptography, his life takes a turn for the nightmarish.', 'tt0268978', 2001.0, 0, '2014-11-18 15:36:35')
  [1m[36m (0.4ms)[0m  [1mCOMMIT[0m
